Using pre-set license
Built from '2020.3/staging' branch; Version is '2020.3.32f1 (12f8b0834f07) revision 1243312'; Using compiler version '192528614'; Build Type 'Release'
OS: 'Windows 10  (10.0.19043) 64bit Core' Language: 'de' Physical Memory: 16332 MB
BatchMode: 1, IsHumanControllingUs: 0, StartBugReporterOnCrash: 0, Is64bit: 1, IsPro: 0

COMMAND LINE ARGUMENTS:
D:\Program Files\Unity Hub\Editor\Unity.exe
-adb2
-batchMode
-noUpm
-name
AssetImportWorker0
-projectPath
D:/Users/aaron/Unity Projekte/Abgabe Version 1
-logFile
Logs/AssetImportWorker0.log
-srvPort
23889
Successfully changed project path to: D:/Users/aaron/Unity Projekte/Abgabe Version 1
D:/Users/aaron/Unity Projekte/Abgabe Version 1
Using Asset Import Pipeline V2.
Refreshing native plugins compatible for Editor in 54.13 ms, found 3 plugins.
Preloading 0 native plugins for Editor in 0.00 ms.
Initialize engine version: 2020.3.32f1 (12f8b0834f07)
[Subsystems] Discovering subsystems at path D:/Program Files/Unity Hub/Editor/Data/Resources/UnitySubsystems
[Subsystems] Discovering subsystems at path D:/Users/aaron/Unity Projekte/Abgabe Version 1/Assets
GfxDevice: creating device client; threaded=0
Direct3D:
    Version:  Direct3D 11.0 [level 11.1]
    Renderer: NVIDIA GeForce GTX 1060 6GB (ID=0x1c03)
    Vendor:   
    VRAM:     6052 MB
    Driver:   30.0.15.1215
Initialize mono
Mono path[0] = 'D:/Program Files/Unity Hub/Editor/Data/Managed'
Mono path[1] = 'D:/Program Files/Unity Hub/Editor/Data/MonoBleedingEdge/lib/mono/unityjit'
Mono config path = 'D:/Program Files/Unity Hub/Editor/Data/MonoBleedingEdge/etc'
Using monoOptions --debugger-agent=transport=dt_socket,embedding=1,server=y,suspend=n,address=127.0.0.1:56968
Begin MonoManager ReloadAssembly
Registering precompiled unity dll's ...
Register platform support module: D:/Program Files/Unity Hub/Editor/Data/PlaybackEngines/WindowsStandaloneSupport/UnityEditor.WindowsStandalone.Extensions.dll
Registered in 0.000903 seconds.
Native extension for WindowsStandalone target not found
Refreshing native plugins compatible for Editor in 53.19 ms, found 3 plugins.
Preloading 0 native plugins for Editor in 0.00 ms.
Mono: successfully reloaded assembly
- Completed reload, in  0.462 seconds
Domain Reload Profiling:
	ReloadAssembly (462ms)
		BeginReloadAssembly (44ms)
			ExecutionOrderSort (0ms)
			DisableScriptedObjects (0ms)
			BackupInstance (0ms)
			ReleaseScriptingObjects (0ms)
			CreateAndSetChildDomain (1ms)
		EndReloadAssembly (364ms)
			LoadAssemblies (44ms)
			RebuildTransferFunctionScriptingTraits (0ms)
			SetupTypeCache (115ms)
			ReleaseScriptCaches (0ms)
			RebuildScriptCaches (24ms)
			SetupLoadedEditorAssemblies (149ms)
				LogAssemblyErrors (0ms)
				InitializePlatformSupportModulesInManaged (3ms)
				SetLoadedEditorAssemblies (0ms)
				RefreshPlugins (53ms)
				BeforeProcessingInitializeOnLoad (7ms)
				ProcessInitializeOnLoadAttributes (63ms)
				ProcessInitializeOnLoadMethodAttributes (22ms)
				AfterProcessingInitializeOnLoad (0ms)
				EditorAssembliesLoaded (0ms)
			ExecutionOrderSort2 (0ms)
			AwakeInstancesAfterBackupRestoration (0ms)
Platform modules already initialized, skipping
Registering precompiled user dll's ...
Registered in 0.001807 seconds.
Begin MonoManager ReloadAssembly
Native extension for WindowsStandalone target not found
Refreshing native plugins compatible for Editor in 53.09 ms, found 3 plugins.
Preloading 0 native plugins for Editor in 0.00 ms.
Mono: successfully reloaded assembly
- Completed reload, in  0.908 seconds
Domain Reload Profiling:
	ReloadAssembly (908ms)
		BeginReloadAssembly (114ms)
			ExecutionOrderSort (0ms)
			DisableScriptedObjects (4ms)
			BackupInstance (0ms)
			ReleaseScriptingObjects (0ms)
			CreateAndSetChildDomain (15ms)
		EndReloadAssembly (749ms)
			LoadAssemblies (68ms)
			RebuildTransferFunctionScriptingTraits (0ms)
			SetupTypeCache (229ms)
			ReleaseScriptCaches (1ms)
			RebuildScriptCaches (45ms)
			SetupLoadedEditorAssemblies (319ms)
				LogAssemblyErrors (0ms)
				InitializePlatformSupportModulesInManaged (3ms)
				SetLoadedEditorAssemblies (0ms)
				RefreshPlugins (53ms)
				BeforeProcessingInitializeOnLoad (52ms)
				ProcessInitializeOnLoadAttributes (202ms)
				ProcessInitializeOnLoadMethodAttributes (7ms)
				AfterProcessingInitializeOnLoad (2ms)
				EditorAssembliesLoaded (0ms)
			ExecutionOrderSort2 (0ms)
			AwakeInstancesAfterBackupRestoration (5ms)
Platform modules already initialized, skipping
========================================================================
Worker process is ready to serve import requests
Launched and connected shader compiler UnityShaderCompiler.exe after 0.04 seconds
Refreshing native plugins compatible for Editor in 0.63 ms, found 3 plugins.
Preloading 0 native plugins for Editor in 0.00 ms.
Unloading 2677 Unused Serialized files (Serialized files now loaded: 0)
System memory in use before: 139.8 MB.
System memory in use after: 140.0 MB.

Unloading 25 unused Assets to reduce memory usage. Loaded Objects now: 3135.
Total: 3.283400 ms (FindLiveObjects: 0.215400 ms CreateObjectMapping: 0.064600 ms MarkObjects: 2.903400 ms  DeleteObjects: 0.099000 ms)

AssetImportParameters requested are different than current active one (requested -> active):
  custom:framework-win-MediaFoundation: 216162199b28c13a410421893ffa2e32 -> 
  custom:video-decoder-ogg-theora: a1e56fd34408186e4bbccfd4996cb3dc -> 
  custom:container-muxer-webm: aa71ff27fc2769a1b78a27578f13a17b -> 
  custom:container-demuxer-webm: 4f35f7cbe854078d1ac9338744f61a02 -> 
  custom:container-demuxer-ogg: 62fdf1f143b41e24485cea50d1cbac27 -> 
  custom:video-encoder-webm-vp8: eb34c28f22e8b96e1ab97ce403110664 -> 
  custom:video-decoder-webm-vp8: 9c59270c3fd7afecdb556c50c9e8de78 -> 
  custom:audio-decoder-ogg-vorbis: bf7c407c2cedff20999df2af8eb42d56 -> 
  custom:audio-encoder-webm-vorbis: bf7c407c2cedff20999df2af8eb42d56 -> 
========================================================================
Received Import Request.
  path: Assets/Sci-Fi Styled Modular Pack/Prefabs/Machines/Shield Core.prefab
  artifactKey: Guid(5f8552cfeac0c29428f4d3d1362bacae) Importer(815301076,1909f56bfc062723c751e8b465ee728b)
Start importing Assets/Sci-Fi Styled Modular Pack/Prefabs/Machines/Shield Core.prefab using Guid(5f8552cfeac0c29428f4d3d1362bacae) Importer(815301076,1909f56bfc062723c751e8b465ee728b)  -> (artifact id: 'af8d752e17e12ceb559ed780cc638f9e') in 0.130919 seconds 
========================================================================
Received Import Request.
  Time since last request: 17.571437 seconds.
  path: Assets/Glass 4 Pack FREE/Prefab/Window.prefab
  artifactKey: Guid(965c127bafc823449a4571a3ded02415) Importer(815301076,1909f56bfc062723c751e8b465ee728b)
Start importing Assets/Glass 4 Pack FREE/Prefab/Window.prefab using Guid(965c127bafc823449a4571a3ded02415) Importer(815301076,1909f56bfc062723c751e8b465ee728b)  -> (artifact id: 'fc7c4d3369e2c33d07cf04a69712771c') in 0.046319 seconds 
========================================================================
Received Prepare
Registering precompiled user dll's ...
Registered in 0.002013 seconds.
Begin MonoManager ReloadAssembly
Native extension for WindowsStandalone target not found
Refreshing native plugins compatible for Editor in 0.65 ms, found 3 plugins.
Preloading 0 native plugins for Editor in 0.00 ms.
Mono: successfully reloaded assembly
- Completed reload, in  0.800 seconds
Domain Reload Profiling:
	ReloadAssembly (800ms)
		BeginReloadAssembly (96ms)
			ExecutionOrderSort (0ms)
			DisableScriptedObjects (3ms)
			BackupInstance (0ms)
			ReleaseScriptingObjects (0ms)
			CreateAndSetChildDomain (29ms)
		EndReloadAssembly (660ms)
			LoadAssemblies (67ms)
			RebuildTransferFunctionScriptingTraits (0ms)
			SetupTypeCache (228ms)
			ReleaseScriptCaches (1ms)
			RebuildScriptCaches (36ms)
			SetupLoadedEditorAssemblies (252ms)
				LogAssemblyErrors (0ms)
				InitializePlatformSupportModulesInManaged (3ms)
				SetLoadedEditorAssemblies (0ms)
				RefreshPlugins (1ms)
				BeforeProcessingInitializeOnLoad (41ms)
				ProcessInitializeOnLoadAttributes (197ms)
				ProcessInitializeOnLoadMethodAttributes (8ms)
				AfterProcessingInitializeOnLoad (2ms)
				EditorAssembliesLoaded (0ms)
			ExecutionOrderSort2 (0ms)
			AwakeInstancesAfterBackupRestoration (5ms)
Platform modules already initialized, skipping
Refreshing native plugins compatible for Editor in 0.64 ms, found 3 plugins.
Preloading 0 native plugins for Editor in 0.00 ms.
Unloading 2617 Unused Serialized files (Serialized files now loaded: 0)
System memory in use before: 137.4 MB.
System memory in use after: 137.6 MB.

Unloading 18 unused Assets to reduce memory usage. Loaded Objects now: 3145.
Total: 2.930200 ms (FindLiveObjects: 0.212500 ms CreateObjectMapping: 0.058100 ms MarkObjects: 2.588000 ms  DeleteObjects: 0.070900 ms)

AssetImportParameters requested are different than current active one (requested -> active):
  custom:framework-win-MediaFoundation: 216162199b28c13a410421893ffa2e32 -> 
  custom:video-decoder-ogg-theora: a1e56fd34408186e4bbccfd4996cb3dc -> 
  custom:container-muxer-webm: aa71ff27fc2769a1b78a27578f13a17b -> 
  custom:container-demuxer-webm: 4f35f7cbe854078d1ac9338744f61a02 -> 
  custom:container-demuxer-ogg: 62fdf1f143b41e24485cea50d1cbac27 -> 
  custom:video-encoder-webm-vp8: eb34c28f22e8b96e1ab97ce403110664 -> 
  custom:video-decoder-webm-vp8: 9c59270c3fd7afecdb556c50c9e8de78 -> 
  custom:audio-decoder-ogg-vorbis: bf7c407c2cedff20999df2af8eb42d56 -> 
  custom:audio-encoder-webm-vorbis: bf7c407c2cedff20999df2af8eb42d56 -> 
========================================================================
Received Import Request.
  Time since last request: 611.461742 seconds.
  path: Assets/Animations/AnimationControl.controller
  artifactKey: Guid(2c5fb5f9ebe1a8a47ad3ead1434ac43e) Importer(815301076,1909f56bfc062723c751e8b465ee728b)
Start importing Assets/Animations/AnimationControl.controller using Guid(2c5fb5f9ebe1a8a47ad3ead1434ac43e) Importer(815301076,1909f56bfc062723c751e8b465ee728b)  -> (artifact id: '53de2cc78b91b4bb0da1a7cced18ae59') in 0.039654 seconds 
========================================================================
Received Prepare
Registering precompiled user dll's ...
Registered in 0.001991 seconds.
Begin MonoManager ReloadAssembly
Native extension for WindowsStandalone target not found
Refreshing native plugins compatible for Editor in 0.65 ms, found 3 plugins.
Preloading 0 native plugins for Editor in 0.00 ms.
Mono: successfully reloaded assembly
- Completed reload, in  0.799 seconds
Domain Reload Profiling:
	ReloadAssembly (800ms)
		BeginReloadAssembly (94ms)
			ExecutionOrderSort (0ms)
			DisableScriptedObjects (4ms)
			BackupInstance (0ms)
			ReleaseScriptingObjects (0ms)
			CreateAndSetChildDomain (28ms)
		EndReloadAssembly (662ms)
			LoadAssemblies (69ms)
			RebuildTransferFunctionScriptingTraits (0ms)
			SetupTypeCache (226ms)
			ReleaseScriptCaches (1ms)
			RebuildScriptCaches (36ms)
			SetupLoadedEditorAssemblies (254ms)
				LogAssemblyErrors (0ms)
				InitializePlatformSupportModulesInManaged (3ms)
				SetLoadedEditorAssemblies (0ms)
				RefreshPlugins (1ms)
				BeforeProcessingInitializeOnLoad (41ms)
				ProcessInitializeOnLoadAttributes (199ms)
				ProcessInitializeOnLoadMethodAttributes (8ms)
				AfterProcessingInitializeOnLoad (2ms)
				EditorAssembliesLoaded (0ms)
			ExecutionOrderSort2 (0ms)
			AwakeInstancesAfterBackupRestoration (5ms)
Platform modules already initialized, skipping
Refreshing native plugins compatible for Editor in 0.64 ms, found 3 plugins.
Preloading 0 native plugins for Editor in 0.00 ms.
Unloading 2617 Unused Serialized files (Serialized files now loaded: 0)
System memory in use before: 137.5 MB.
System memory in use after: 137.7 MB.

Unloading 18 unused Assets to reduce memory usage. Loaded Objects now: 3148.
Total: 2.920400 ms (FindLiveObjects: 0.201700 ms CreateObjectMapping: 0.064300 ms MarkObjects: 2.582000 ms  DeleteObjects: 0.071500 ms)

AssetImportParameters requested are different than current active one (requested -> active):
  custom:framework-win-MediaFoundation: 216162199b28c13a410421893ffa2e32 -> 
  custom:video-decoder-ogg-theora: a1e56fd34408186e4bbccfd4996cb3dc -> 
  custom:container-muxer-webm: aa71ff27fc2769a1b78a27578f13a17b -> 
  custom:container-demuxer-webm: 4f35f7cbe854078d1ac9338744f61a02 -> 
  custom:container-demuxer-ogg: 62fdf1f143b41e24485cea50d1cbac27 -> 
  custom:video-encoder-webm-vp8: eb34c28f22e8b96e1ab97ce403110664 -> 
  custom:video-decoder-webm-vp8: 9c59270c3fd7afecdb556c50c9e8de78 -> 
  custom:audio-decoder-ogg-vorbis: bf7c407c2cedff20999df2af8eb42d56 -> 
  custom:audio-encoder-webm-vorbis: bf7c407c2cedff20999df2af8eb42d56 -> 
========================================================================
Received Import Request.
  Time since last request: 13.675062 seconds.
  path: Assets/Animations/AnimationControl.controller
  artifactKey: Guid(2c5fb5f9ebe1a8a47ad3ead1434ac43e) Importer(815301076,1909f56bfc062723c751e8b465ee728b)
Start importing Assets/Animations/AnimationControl.controller using Guid(2c5fb5f9ebe1a8a47ad3ead1434ac43e) Importer(815301076,1909f56bfc062723c751e8b465ee728b)  -> (artifact id: 'd69be32397c3d2b56d4477dbcd32b05f') in 0.034960 seconds 
========================================================================
Received Prepare
Registering precompiled user dll's ...
Registered in 0.002060 seconds.
Begin MonoManager ReloadAssembly
Native extension for WindowsStandalone target not found
Refreshing native plugins compatible for Editor in 0.64 ms, found 3 plugins.
Preloading 0 native plugins for Editor in 0.00 ms.
Mono: successfully reloaded assembly
- Completed reload, in  0.791 seconds
Domain Reload Profiling:
	ReloadAssembly (792ms)
		BeginReloadAssembly (91ms)
			ExecutionOrderSort (0ms)
			DisableScriptedObjects (4ms)
			BackupInstance (0ms)
			ReleaseScriptingObjects (0ms)
			CreateAndSetChildDomain (27ms)
		EndReloadAssembly (656ms)
			LoadAssemblies (68ms)
			RebuildTransferFunctionScriptingTraits (0ms)
			SetupTypeCache (226ms)
			ReleaseScriptCaches (1ms)
			RebuildScriptCaches (37ms)
			SetupLoadedEditorAssemblies (250ms)
				LogAssemblyErrors (0ms)
				InitializePlatformSupportModulesInManaged (3ms)
				SetLoadedEditorAssemblies (0ms)
				RefreshPlugins (1ms)
				BeforeProcessingInitializeOnLoad (41ms)
				ProcessInitializeOnLoadAttributes (196ms)
				ProcessInitializeOnLoadMethodAttributes (8ms)
				AfterProcessingInitializeOnLoad (2ms)
				EditorAssembliesLoaded (0ms)
			ExecutionOrderSort2 (0ms)
			AwakeInstancesAfterBackupRestoration (5ms)
Platform modules already initialized, skipping
Refreshing native plugins compatible for Editor in 0.89 ms, found 3 plugins.
Preloading 0 native plugins for Editor in 0.00 ms.
Unloading 2617 Unused Serialized files (Serialized files now loaded: 0)
System memory in use before: 137.5 MB.
System memory in use after: 137.7 MB.

Unloading 18 unused Assets to reduce memory usage. Loaded Objects now: 3151.
Total: 2.924400 ms (FindLiveObjects: 0.215500 ms CreateObjectMapping: 0.075500 ms MarkObjects: 2.566800 ms  DeleteObjects: 0.065800 ms)

AssetImportParameters requested are different than current active one (requested -> active):
  custom:framework-win-MediaFoundation: 216162199b28c13a410421893ffa2e32 -> 
  custom:video-decoder-ogg-theora: a1e56fd34408186e4bbccfd4996cb3dc -> 
  custom:container-muxer-webm: aa71ff27fc2769a1b78a27578f13a17b -> 
  custom:container-demuxer-webm: 4f35f7cbe854078d1ac9338744f61a02 -> 
  custom:container-demuxer-ogg: 62fdf1f143b41e24485cea50d1cbac27 -> 
  custom:video-encoder-webm-vp8: eb34c28f22e8b96e1ab97ce403110664 -> 
  custom:video-decoder-webm-vp8: 9c59270c3fd7afecdb556c50c9e8de78 -> 
  custom:audio-decoder-ogg-vorbis: bf7c407c2cedff20999df2af8eb42d56 -> 
  custom:audio-encoder-webm-vorbis: bf7c407c2cedff20999df2af8eb42d56 -> 
========================================================================
Received Import Request.
  Time since last request: 501.049542 seconds.
  path: Assets/AssetStoreOriginals/_SNAPS_PrototypingAssets/SciFi_Industrial/Prefabs/Structure/Walls/Meshes/Deck_Wall_Corner_Collider.asset
  artifactKey: Guid(53a88e6b8cd8d564fafb1797c2f2adb0) Importer(815301076,1909f56bfc062723c751e8b465ee728b)
Start importing Assets/AssetStoreOriginals/_SNAPS_PrototypingAssets/SciFi_Industrial/Prefabs/Structure/Walls/Meshes/Deck_Wall_Corner_Collider.asset using Guid(53a88e6b8cd8d564fafb1797c2f2adb0) Importer(815301076,1909f56bfc062723c751e8b465ee728b)  -> (artifact id: 'c9c3194a7245aaf6288123588bd73881') in 0.072658 seconds 
========================================================================
Received Import Request.
  Time since last request: 0.000128 seconds.
  path: Assets/AssetStoreOriginals/_SNAPS_PrototypingAssets/SciFi_Industrial/Prefabs/Structure/Walls/Meshes/Quart_Wall_Joint_02_Collider.asset
  artifactKey: Guid(624053aefbbb5854fac3f5debbee8d8c) Importer(815301076,1909f56bfc062723c751e8b465ee728b)
Start importing Assets/AssetStoreOriginals/_SNAPS_PrototypingAssets/SciFi_Industrial/Prefabs/Structure/Walls/Meshes/Quart_Wall_Joint_02_Collider.asset using Guid(624053aefbbb5854fac3f5debbee8d8c) Importer(815301076,1909f56bfc062723c751e8b465ee728b)  -> (artifact id: '34ceb4de2ddaeb1d96e03ec6f7d99a53') in 0.027796 seconds 
========================================================================
Received Import Request.
  Time since last request: 0.000156 seconds.
  path: Assets/AssetStoreOriginals/_SNAPS_PrototypingAssets/SciFi_Industrial/Prefabs/Structure/Walls/Meshes/Deck_WallWindowFrame_01_snaps002.asset
  artifactKey: Guid(e72e2b536574b914c887421d4bdce853) Importer(815301076,1909f56bfc062723c751e8b465ee728b)
Start importing Assets/AssetStoreOriginals/_SNAPS_PrototypingAssets/SciFi_Industrial/Prefabs/Structure/Walls/Meshes/Deck_WallWindowFrame_01_snaps002.asset using Guid(e72e2b536574b914c887421d4bdce853) Importer(815301076,1909f56bfc062723c751e8b465ee728b)  -> (artifact id: '406e479ced3a90c95acb0c3138a9e5d3') in 0.027315 seconds 
========================================================================
Received Import Request.
  Time since last request: 0.000206 seconds.
  path: Assets/AssetStoreOriginals/_SNAPS_PrototypingAssets/SciFi_Industrial/Prefabs/Structure/Walls/Meshes/Deck_Wall_Top_snaps002.asset
  artifactKey: Guid(8ad62618ad930d546be9f56862dcbb3c) Importer(815301076,1909f56bfc062723c751e8b465ee728b)
Start importing Assets/AssetStoreOriginals/_SNAPS_PrototypingAssets/SciFi_Industrial/Prefabs/Structure/Walls/Meshes/Deck_Wall_Top_snaps002.asset using Guid(8ad62618ad930d546be9f56862dcbb3c) Importer(815301076,1909f56bfc062723c751e8b465ee728b)  -> (artifact id: '05ccf7c5dc56bcd5dbaee641e720f969') in 0.026017 seconds 
========================================================================
Received Import Request.
  Time since last request: 0.000143 seconds.
  path: Assets/AssetStoreOriginals/_SNAPS_PrototypingAssets/SciFi_Industrial/Prefabs/Structure/Walls/Meshes/Gen_Wall_Joint_snaps002.asset
  artifactKey: Guid(634495ba508706f4fab4ddcffc8347b2) Importer(815301076,1909f56bfc062723c751e8b465ee728b)
Start importing Assets/AssetStoreOriginals/_SNAPS_PrototypingAssets/SciFi_Industrial/Prefabs/Structure/Walls/Meshes/Gen_Wall_Joint_snaps002.asset using Guid(634495ba508706f4fab4ddcffc8347b2) Importer(815301076,1909f56bfc062723c751e8b465ee728b)  -> (artifact id: '4954fd7c65acca6e716ab9cc6f8a914b') in 0.027679 seconds 
========================================================================
Received Import Request.
  Time since last request: 0.000165 seconds.
  path: Assets/AssetStoreOriginals/_SNAPS_PrototypingAssets/SciFi_Industrial/Prefabs/Structure/Walls/Meshes/Hale_Wall_01_Corner_snaps002.asset
  artifactKey: Guid(98cb75f592c120a418554681a9667ba6) Importer(815301076,1909f56bfc062723c751e8b465ee728b)
Start importing Assets/AssetStoreOriginals/_SNAPS_PrototypingAssets/SciFi_Industrial/Prefabs/Structure/Walls/Meshes/Hale_Wall_01_Corner_snaps002.asset using Guid(98cb75f592c120a418554681a9667ba6) Importer(815301076,1909f56bfc062723c751e8b465ee728b)  -> (artifact id: '846d5059ceacbc8fc7595ccd02d25857') in 0.027046 seconds 
========================================================================
Received Import Request.
  Time since last request: 0.000117 seconds.
  path: Assets/AssetStoreOriginals/_SNAPS_PrototypingAssets/SciFi_Industrial/Prefabs/Structure/Walls/Meshes/Hale_Wall_01_Corner_Collider.asset
  artifactKey: Guid(8a3539bb518f19444a272fedc388091d) Importer(815301076,1909f56bfc062723c751e8b465ee728b)
Start importing Assets/AssetStoreOriginals/_SNAPS_PrototypingAssets/SciFi_Industrial/Prefabs/Structure/Walls/Meshes/Hale_Wall_01_Corner_Collider.asset using Guid(8a3539bb518f19444a272fedc388091d) Importer(815301076,1909f56bfc062723c751e8b465ee728b)  -> (artifact id: '8d8e6becc769e04a7da4332023612fda') in 0.027095 seconds 
========================================================================
Received Import Request.
  Time since last request: 0.000139 seconds.
  path: Assets/AssetStoreOriginals/_SNAPS_PrototypingAssets/SciFi_Industrial/Prefabs/Structure/Walls/Meshes/Quart_Wall_Corner_Collider.asset
  artifactKey: Guid(3e903d5ff06ef564fbc5d7aef894a0e0) Importer(815301076,1909f56bfc062723c751e8b465ee728b)
Start importing Assets/AssetStoreOriginals/_SNAPS_PrototypingAssets/SciFi_Industrial/Prefabs/Structure/Walls/Meshes/Quart_Wall_Corner_Collider.asset using Guid(3e903d5ff06ef564fbc5d7aef894a0e0) Importer(815301076,1909f56bfc062723c751e8b465ee728b)  -> (artifact id: 'f34ec2253d2d6d1cf75b1ba45fffdb4e') in 0.026756 seconds 
========================================================================
Received Import Request.
  Time since last request: 0.000130 seconds.
  path: Assets/AssetStoreOriginals/_SNAPS_PrototypingAssets/SciFi_Industrial/Prefabs/Structure/Walls/Meshes/Gale_Wall_01_snaps002.asset
  artifactKey: Guid(05cb18dca8ad59b479d071f53a1e298c) Importer(815301076,1909f56bfc062723c751e8b465ee728b)
Start importing Assets/AssetStoreOriginals/_SNAPS_PrototypingAssets/SciFi_Industrial/Prefabs/Structure/Walls/Meshes/Gale_Wall_01_snaps002.asset using Guid(05cb18dca8ad59b479d071f53a1e298c) Importer(815301076,1909f56bfc062723c751e8b465ee728b)  -> (artifact id: '5aecbb4a3fbd436e7b3d9a4060053464') in 0.026798 seconds 
========================================================================
Received Import Request.
  Time since last request: 0.000130 seconds.
  path: Assets/AssetStoreOriginals/_SNAPS_PrototypingAssets/SciFi_Industrial/Prefabs/Structure/Walls/Meshes/Gen_Wall_Corner_Collider.asset
  artifactKey: Guid(423cfdc9cf1c7bd4598ac6ae2f42e776) Importer(815301076,1909f56bfc062723c751e8b465ee728b)
Start importing Assets/AssetStoreOriginals/_SNAPS_PrototypingAssets/SciFi_Industrial/Prefabs/Structure/Walls/Meshes/Gen_Wall_Corner_Collider.asset using Guid(423cfdc9cf1c7bd4598ac6ae2f42e776) Importer(815301076,1909f56bfc062723c751e8b465ee728b)  -> (artifact id: '3d03c39249beb17f3eecb3fc22afd26e') in 0.026952 seconds 
========================================================================
Received Import Request.
  Time since last request: 0.000168 seconds.
  path: Assets/AssetStoreOriginals/_SNAPS_PrototypingAssets/SciFi_Industrial/Prefabs/Structure/Walls/Meshes/Deck_Wall_Joint_01_Collider.asset
  artifactKey: Guid(7a12c86077bf4f746bbc4ab0ed530392) Importer(815301076,1909f56bfc062723c751e8b465ee728b)
Start importing Assets/AssetStoreOriginals/_SNAPS_PrototypingAssets/SciFi_Industrial/Prefabs/Structure/Walls/Meshes/Deck_Wall_Joint_01_Collider.asset using Guid(7a12c86077bf4f746bbc4ab0ed530392) Importer(815301076,1909f56bfc062723c751e8b465ee728b)  -> (artifact id: 'c2914dfcf09d21206af0902ac865f8ba') in 0.026046 seconds 
========================================================================
Received Import Request.
  Time since last request: 0.000158 seconds.
  path: Assets/AssetStoreOriginals/_SNAPS_PrototypingAssets/SciFi_Industrial/Prefabs/Structure/Walls/Meshes/Quart_Wall_Joint_02_snaps002.asset
  artifactKey: Guid(03fe162f77a26aa4fb8d38326c3def3c) Importer(815301076,1909f56bfc062723c751e8b465ee728b)
Start importing Assets/AssetStoreOriginals/_SNAPS_PrototypingAssets/SciFi_Industrial/Prefabs/Structure/Walls/Meshes/Quart_Wall_Joint_02_snaps002.asset using Guid(03fe162f77a26aa4fb8d38326c3def3c) Importer(815301076,1909f56bfc062723c751e8b465ee728b)  -> (artifact id: '0eab41827caeae2bb44601b7bfeab762') in 0.026248 seconds 
========================================================================
Received Import Request.
  Time since last request: 0.000131 seconds.
  path: Assets/AssetStoreOriginals/_SNAPS_PrototypingAssets/SciFi_Industrial/Prefabs/Structure/Walls/Meshes/Quart_Wall_Joint_01_Collider.asset
  artifactKey: Guid(e2b90f5500476fc41b8ef87fbda8984e) Importer(815301076,1909f56bfc062723c751e8b465ee728b)
Start importing Assets/AssetStoreOriginals/_SNAPS_PrototypingAssets/SciFi_Industrial/Prefabs/Structure/Walls/Meshes/Quart_Wall_Joint_01_Collider.asset using Guid(e2b90f5500476fc41b8ef87fbda8984e) Importer(815301076,1909f56bfc062723c751e8b465ee728b)  -> (artifact id: '217d03609b2fd57fb9e3bf6867600559') in 0.027069 seconds 
========================================================================
Received Import Request.
  Time since last request: 0.000171 seconds.
  path: Assets/AssetStoreOriginals/_SNAPS_PrototypingAssets/SciFi_Industrial/Prefabs/Structure/Walls/Meshes/Gale_Wall_01_Corner_Collider.asset
  artifactKey: Guid(f8bfc9b045cbcea409c049c7e344cb77) Importer(815301076,1909f56bfc062723c751e8b465ee728b)
Start importing Assets/AssetStoreOriginals/_SNAPS_PrototypingAssets/SciFi_Industrial/Prefabs/Structure/Walls/Meshes/Gale_Wall_01_Corner_Collider.asset using Guid(f8bfc9b045cbcea409c049c7e344cb77) Importer(815301076,1909f56bfc062723c751e8b465ee728b)  -> (artifact id: '0b8e5c976dd5e57874843992df9345c7') in 0.026271 seconds 
========================================================================
Received Import Request.
  Time since last request: 0.000138 seconds.
  path: Assets/AssetStoreOriginals/_SNAPS_PrototypingAssets/SciFi_Industrial/Prefabs/Structure/Walls/Meshes/Quart_Wall_Joint_01_snaps002.asset
  artifactKey: Guid(12b0f9429988bb048b721c565d89c6ff) Importer(815301076,1909f56bfc062723c751e8b465ee728b)
Start importing Assets/AssetStoreOriginals/_SNAPS_PrototypingAssets/SciFi_Industrial/Prefabs/Structure/Walls/Meshes/Quart_Wall_Joint_01_snaps002.asset using Guid(12b0f9429988bb048b721c565d89c6ff) Importer(815301076,1909f56bfc062723c751e8b465ee728b)  -> (artifact id: 'a685a62fb4bb828a06dbf3c00729fbd3') in 0.026197 seconds 
========================================================================
Received Import Request.
  Time since last request: 0.000120 seconds.
  path: Assets/AssetStoreOriginals/_SNAPS_PrototypingAssets/SciFi_Industrial/Prefabs/Structure/Walls/Meshes/Deck_WallWindowFrame_02_Collider.asset
  artifactKey: Guid(4353cb0de7f688b428bbd9dd238fba8e) Importer(815301076,1909f56bfc062723c751e8b465ee728b)
Start importing Assets/AssetStoreOriginals/_SNAPS_PrototypingAssets/SciFi_Industrial/Prefabs/Structure/Walls/Meshes/Deck_WallWindowFrame_02_Collider.asset using Guid(4353cb0de7f688b428bbd9dd238fba8e) Importer(815301076,1909f56bfc062723c751e8b465ee728b)  -> (artifact id: '50eb208ff1fb9685326e644bfa9382c8') in 0.028189 seconds 
========================================================================
Received Import Request.
  Time since last request: 0.000154 seconds.
  path: Assets/AssetStoreOriginals/_SNAPS_PrototypingAssets/SciFi_Industrial/Prefabs/Structure/Walls/Meshes/Deck_WallDoorFrame_01_Collider.asset
  artifactKey: Guid(f2b13f210e158964e8a64864c6e2810f) Importer(815301076,1909f56bfc062723c751e8b465ee728b)
Start importing Assets/AssetStoreOriginals/_SNAPS_PrototypingAssets/SciFi_Industrial/Prefabs/Structure/Walls/Meshes/Deck_WallDoorFrame_01_Collider.asset using Guid(f2b13f210e158964e8a64864c6e2810f) Importer(815301076,1909f56bfc062723c751e8b465ee728b)  -> (artifact id: 'd911b197b881e0be7cb317d8e38b769d') in 0.027098 seconds 
========================================================================
Received Import Request.
  Time since last request: 0.000120 seconds.
  path: Assets/AssetStoreOriginals/_SNAPS_PrototypingAssets/SciFi_Industrial/Prefabs/Structure/Walls/Meshes/Deck_Wall_Corner_snaps002.asset
  artifactKey: Guid(81f1e8beb5351a24b9480210445a2b83) Importer(815301076,1909f56bfc062723c751e8b465ee728b)
Start importing Assets/AssetStoreOriginals/_SNAPS_PrototypingAssets/SciFi_Industrial/Prefabs/Structure/Walls/Meshes/Deck_Wall_Corner_snaps002.asset using Guid(81f1e8beb5351a24b9480210445a2b83) Importer(815301076,1909f56bfc062723c751e8b465ee728b)  -> (artifact id: 'e57c7b3097b9afe0dad17f64da7a3ffb') in 0.028880 seconds 
========================================================================
Received Import Request.
  Time since last request: 0.000169 seconds.
  path: Assets/AssetStoreOriginals/_SNAPS_PrototypingAssets/SciFi_Industrial/Prefabs/Structure/Walls/Meshes/Hale_Wall_01_snaps002.asset
  artifactKey: Guid(be0f348fdc92098488c921e49d4d84c1) Importer(815301076,1909f56bfc062723c751e8b465ee728b)
Start importing Assets/AssetStoreOriginals/_SNAPS_PrototypingAssets/SciFi_Industrial/Prefabs/Structure/Walls/Meshes/Hale_Wall_01_snaps002.asset using Guid(be0f348fdc92098488c921e49d4d84c1) Importer(815301076,1909f56bfc062723c751e8b465ee728b)  -> (artifact id: '7334c4f9dcbbc877ef4b49615f283e38') in 0.028371 seconds 
========================================================================
Received Import Request.
  Time since last request: 0.000175 seconds.
  path: Assets/AssetStoreOriginals/_SNAPS_PrototypingAssets/SciFi_Industrial/Prefabs/Structure/Walls/Meshes/Quart_Wall_Corner_snaps002.asset
  artifactKey: Guid(82af021324a3d33429e7f56c7abb229c) Importer(815301076,1909f56bfc062723c751e8b465ee728b)
Start importing Assets/AssetStoreOriginals/_SNAPS_PrototypingAssets/SciFi_Industrial/Prefabs/Structure/Walls/Meshes/Quart_Wall_Corner_snaps002.asset using Guid(82af021324a3d33429e7f56c7abb229c) Importer(815301076,1909f56bfc062723c751e8b465ee728b)  -> (artifact id: '646c11d8d3553159bbd6d641f5e29ed0') in 0.025837 seconds 
========================================================================
Received Import Request.
  Time since last request: 0.000151 seconds.
  path: Assets/AssetStoreOriginals/_SNAPS_PrototypingAssets/SciFi_Industrial/Prefabs/Structure/Walls/Meshes/Quart_WallDoorFrame_01_snaps002.asset
  artifactKey: Guid(73b253996598aa14fb6137ff484ece59) Importer(815301076,1909f56bfc062723c751e8b465ee728b)
Start importing Assets/AssetStoreOriginals/_SNAPS_PrototypingAssets/SciFi_Industrial/Prefabs/Structure/Walls/Meshes/Quart_WallDoorFrame_01_snaps002.asset using Guid(73b253996598aa14fb6137ff484ece59) Importer(815301076,1909f56bfc062723c751e8b465ee728b)  -> (artifact id: '10bd59e9ff59f2d1549ff0633cd25acf') in 0.026086 seconds 
========================================================================
Received Import Request.
  Time since last request: 0.000128 seconds.
  path: Assets/AssetStoreOriginals/_SNAPS_PrototypingAssets/SciFi_Industrial/Prefabs/Structure/Walls/Meshes/Quart_Wall_snaps002.asset
  artifactKey: Guid(230d743c9645b694ea0a337a48709ef0) Importer(815301076,1909f56bfc062723c751e8b465ee728b)
Start importing Assets/AssetStoreOriginals/_SNAPS_PrototypingAssets/SciFi_Industrial/Prefabs/Structure/Walls/Meshes/Quart_Wall_snaps002.asset using Guid(230d743c9645b694ea0a337a48709ef0) Importer(815301076,1909f56bfc062723c751e8b465ee728b)  -> (artifact id: 'b7c48e79d66ad9354485fffe96567e9b') in 0.025988 seconds 
========================================================================
Received Import Request.
  Time since last request: 0.000135 seconds.
  path: Assets/AssetStoreOriginals/_SNAPS_PrototypingAssets/SciFi_Industrial/Prefabs/Structure/Walls/Meshes/Deck_WallWindowFrame_02_snaps002.asset
  artifactKey: Guid(6073363b43082a54a9afed661130332a) Importer(815301076,1909f56bfc062723c751e8b465ee728b)
Start importing Assets/AssetStoreOriginals/_SNAPS_PrototypingAssets/SciFi_Industrial/Prefabs/Structure/Walls/Meshes/Deck_WallWindowFrame_02_snaps002.asset using Guid(6073363b43082a54a9afed661130332a) Importer(815301076,1909f56bfc062723c751e8b465ee728b)  -> (artifact id: '5c217d64ee67f84f2265b1f2c7b1d36b') in 0.026642 seconds 
========================================================================
Received Import Request.
  Time since last request: 0.000155 seconds.
  path: Assets/AssetStoreOriginals/_SNAPS_PrototypingAssets/SciFi_Industrial/Prefabs/Structure/Walls/Meshes/Gen_Wall_DoorFrame_01_Collider.asset
  artifactKey: Guid(f9c0fc532bd2ba444bbaf45b20591361) Importer(815301076,1909f56bfc062723c751e8b465ee728b)
Start importing Assets/AssetStoreOriginals/_SNAPS_PrototypingAssets/SciFi_Industrial/Prefabs/Structure/Walls/Meshes/Gen_Wall_DoorFrame_01_Collider.asset using Guid(f9c0fc532bd2ba444bbaf45b20591361) Importer(815301076,1909f56bfc062723c751e8b465ee728b)  -> (artifact id: 'f50bb55c897e4818902b6f03804a8a63') in 0.026598 seconds 
========================================================================
Received Import Request.
  Time since last request: 0.000130 seconds.
  path: Assets/AssetStoreOriginals/_SNAPS_PrototypingAssets/SciFi_Industrial/Prefabs/Structure/Walls/Meshes/Deck_Wall_Joint_01_snaps002.asset
  artifactKey: Guid(50badd2dded76b641af25b6f4dd134fd) Importer(815301076,1909f56bfc062723c751e8b465ee728b)
Start importing Assets/AssetStoreOriginals/_SNAPS_PrototypingAssets/SciFi_Industrial/Prefabs/Structure/Walls/Meshes/Deck_Wall_Joint_01_snaps002.asset using Guid(50badd2dded76b641af25b6f4dd134fd) Importer(815301076,1909f56bfc062723c751e8b465ee728b)  -> (artifact id: '7bbeb726f2fcd1cf025571b47e7a2254') in 0.027626 seconds 
========================================================================
Received Import Request.
  Time since last request: 0.000175 seconds.
  path: Assets/AssetStoreOriginals/_SNAPS_PrototypingAssets/SciFi_Industrial/Prefabs/Structure/Walls/Meshes/Gen_Wall_Joint_Collider.asset
  artifactKey: Guid(95107f768bae22642a7503989283e1a1) Importer(815301076,1909f56bfc062723c751e8b465ee728b)
Start importing Assets/AssetStoreOriginals/_SNAPS_PrototypingAssets/SciFi_Industrial/Prefabs/Structure/Walls/Meshes/Gen_Wall_Joint_Collider.asset using Guid(95107f768bae22642a7503989283e1a1) Importer(815301076,1909f56bfc062723c751e8b465ee728b)  -> (artifact id: '2d8ea584f0cd40dbde84e184fed2ef58') in 0.026785 seconds 
========================================================================
Received Import Request.
  Time since last request: 0.000145 seconds.
  path: Assets/AssetStoreOriginals/_SNAPS_PrototypingAssets/SciFi_Industrial/Prefabs/Structure/Walls/Meshes/Deck_Wall_Short_snaps002.asset
  artifactKey: Guid(62582d6b60370b446b8508614dd89888) Importer(815301076,1909f56bfc062723c751e8b465ee728b)
Start importing Assets/AssetStoreOriginals/_SNAPS_PrototypingAssets/SciFi_Industrial/Prefabs/Structure/Walls/Meshes/Deck_Wall_Short_snaps002.asset using Guid(62582d6b60370b446b8508614dd89888) Importer(815301076,1909f56bfc062723c751e8b465ee728b)  -> (artifact id: 'ef223bee1061e0ac629050bba25dab1b') in 0.027781 seconds 
========================================================================
Received Import Request.
  Time since last request: 0.000153 seconds.
  path: Assets/AssetStoreOriginals/_SNAPS_PrototypingAssets/SciFi_Industrial/Prefabs/Structure/Walls/Meshes/Quart_WallDoorFrame_01_Collider.asset
  artifactKey: Guid(1e5569ec28579444da55403f124144fb) Importer(815301076,1909f56bfc062723c751e8b465ee728b)
Start importing Assets/AssetStoreOriginals/_SNAPS_PrototypingAssets/SciFi_Industrial/Prefabs/Structure/Walls/Meshes/Quart_WallDoorFrame_01_Collider.asset using Guid(1e5569ec28579444da55403f124144fb) Importer(815301076,1909f56bfc062723c751e8b465ee728b)  -> (artifact id: 'd5dd472fec913bd7788a20aee916547e') in 0.026371 seconds 
========================================================================
Received Import Request.
  Time since last request: 0.000190 seconds.
  path: Assets/AssetStoreOriginals/_SNAPS_PrototypingAssets/SciFi_Industrial/Prefabs/Structure/Walls/Meshes/Gen_Wall_snaps002.asset
  artifactKey: Guid(801062c5860dbf946b39dfca0c2820cd) Importer(815301076,1909f56bfc062723c751e8b465ee728b)
Start importing Assets/AssetStoreOriginals/_SNAPS_PrototypingAssets/SciFi_Industrial/Prefabs/Structure/Walls/Meshes/Gen_Wall_snaps002.asset using Guid(801062c5860dbf946b39dfca0c2820cd) Importer(815301076,1909f56bfc062723c751e8b465ee728b)  -> (artifact id: '4cce76b4aacc53c7a177d573dd547947') in 0.029416 seconds 
========================================================================
Received Import Request.
  Time since last request: 0.000164 seconds.
  path: Assets/AssetStoreOriginals/_SNAPS_PrototypingAssets/SciFi_Industrial/Prefabs/Structure/Walls/Meshes/Gen_Wall_Corner_snaps002.asset
  artifactKey: Guid(2b02e1384e32c6e48aab108651153ee5) Importer(815301076,1909f56bfc062723c751e8b465ee728b)
Start importing Assets/AssetStoreOriginals/_SNAPS_PrototypingAssets/SciFi_Industrial/Prefabs/Structure/Walls/Meshes/Gen_Wall_Corner_snaps002.asset using Guid(2b02e1384e32c6e48aab108651153ee5) Importer(815301076,1909f56bfc062723c751e8b465ee728b)  -> (artifact id: '6bcaa020b7455320e9df6269bea7f32f') in 0.026413 seconds 
========================================================================
Received Import Request.
  Time since last request: 0.000152 seconds.
  path: Assets/AssetStoreOriginals/_SNAPS_PrototypingAssets/SciFi_Industrial/Prefabs/Structure/Walls/Meshes/Deck_Wall_snaps002.asset
  artifactKey: Guid(a0a1375d7260d484c9775ffc69c94f85) Importer(815301076,1909f56bfc062723c751e8b465ee728b)
Start importing Assets/AssetStoreOriginals/_SNAPS_PrototypingAssets/SciFi_Industrial/Prefabs/Structure/Walls/Meshes/Deck_Wall_snaps002.asset using Guid(a0a1375d7260d484c9775ffc69c94f85) Importer(815301076,1909f56bfc062723c751e8b465ee728b)  -> (artifact id: 'c1b1d02d55d6363f4936797faf2bac79') in 0.025924 seconds 
========================================================================
Received Import Request.
  Time since last request: 0.000108 seconds.
  path: Assets/AssetStoreOriginals/_SNAPS_PrototypingAssets/SciFi_Industrial/Prefabs/Structure/Walls/Meshes/Deck_WallDoorFrame_02_Collider.asset
  artifactKey: Guid(c61b768b2d8fb704691ed565fa2e12a4) Importer(815301076,1909f56bfc062723c751e8b465ee728b)
Start importing Assets/AssetStoreOriginals/_SNAPS_PrototypingAssets/SciFi_Industrial/Prefabs/Structure/Walls/Meshes/Deck_WallDoorFrame_02_Collider.asset using Guid(c61b768b2d8fb704691ed565fa2e12a4) Importer(815301076,1909f56bfc062723c751e8b465ee728b)  -> (artifact id: '9d0270e7469cdfbb526c521158f7268b') in 0.025493 seconds 
========================================================================
Received Import Request.
  Time since last request: 0.000137 seconds.
  path: Assets/AssetStoreOriginals/_SNAPS_PrototypingAssets/SciFi_Industrial/Prefabs/Structure/Walls/Meshes/Deck_WallWindow_01_snaps002.asset
  artifactKey: Guid(4673b017e1c6daf48bb90aaab771550d) Importer(815301076,1909f56bfc062723c751e8b465ee728b)
Start importing Assets/AssetStoreOriginals/_SNAPS_PrototypingAssets/SciFi_Industrial/Prefabs/Structure/Walls/Meshes/Deck_WallWindow_01_snaps002.asset using Guid(4673b017e1c6daf48bb90aaab771550d) Importer(815301076,1909f56bfc062723c751e8b465ee728b)  -> (artifact id: 'c7841c9811716a916c6340c67b9909cc') in 0.026140 seconds 
========================================================================
Received Import Request.
  Time since last request: 0.000172 seconds.
  path: Assets/AssetStoreOriginals/_SNAPS_PrototypingAssets/SciFi_Industrial/Prefabs/Structure/Walls/Meshes/Deck_Wall_Corner_Short_snaps002.asset
  artifactKey: Guid(2cbb1587c7f0c774e8f0c9df64ef2b27) Importer(815301076,1909f56bfc062723c751e8b465ee728b)
Start importing Assets/AssetStoreOriginals/_SNAPS_PrototypingAssets/SciFi_Industrial/Prefabs/Structure/Walls/Meshes/Deck_Wall_Corner_Short_snaps002.asset using Guid(2cbb1587c7f0c774e8f0c9df64ef2b27) Importer(815301076,1909f56bfc062723c751e8b465ee728b)  -> (artifact id: 'aa96e8e6d19d02b480190f99cf62c586') in 0.027395 seconds 
========================================================================
Received Import Request.
  Time since last request: 0.000136 seconds.
  path: Assets/AssetStoreOriginals/_SNAPS_PrototypingAssets/SciFi_Industrial/Prefabs/Structure/Walls/Meshes/Gen_Wall_DoorFrame_01_snaps002.asset
  artifactKey: Guid(cd5bd82f6b9e90148a9f3f6065a7d43f) Importer(815301076,1909f56bfc062723c751e8b465ee728b)
Start importing Assets/AssetStoreOriginals/_SNAPS_PrototypingAssets/SciFi_Industrial/Prefabs/Structure/Walls/Meshes/Gen_Wall_DoorFrame_01_snaps002.asset using Guid(cd5bd82f6b9e90148a9f3f6065a7d43f) Importer(815301076,1909f56bfc062723c751e8b465ee728b)  -> (artifact id: '8644970fb1aeef380007f6b50cf0e1fb') in 0.028064 seconds 
========================================================================
Received Import Request.
  Time since last request: 0.000193 seconds.
  path: Assets/AssetStoreOriginals/_SNAPS_PrototypingAssets/SciFi_Industrial/Prefabs/Structure/Walls/Meshes/Hale_Wall_02_Corner_snaps002.asset
  artifactKey: Guid(cd0c7bd1be6b0234fac5ff035d165d3a) Importer(815301076,1909f56bfc062723c751e8b465ee728b)
Start importing Assets/AssetStoreOriginals/_SNAPS_PrototypingAssets/SciFi_Industrial/Prefabs/Structure/Walls/Meshes/Hale_Wall_02_Corner_snaps002.asset using Guid(cd0c7bd1be6b0234fac5ff035d165d3a) Importer(815301076,1909f56bfc062723c751e8b465ee728b)  -> (artifact id: '7a658f39fe82db0c70d870e4d7901b13') in 0.029235 seconds 
========================================================================
Received Import Request.
  Time since last request: 0.000135 seconds.
  path: Assets/AssetStoreOriginals/_SNAPS_PrototypingAssets/SciFi_Industrial/Prefabs/Structure/Walls/Meshes/Deck_WallDoorFrame_01_snaps002.asset
  artifactKey: Guid(1d3d195152f9f3c4f8ffd132642e0276) Importer(815301076,1909f56bfc062723c751e8b465ee728b)
Start importing Assets/AssetStoreOriginals/_SNAPS_PrototypingAssets/SciFi_Industrial/Prefabs/Structure/Walls/Meshes/Deck_WallDoorFrame_01_snaps002.asset using Guid(1d3d195152f9f3c4f8ffd132642e0276) Importer(815301076,1909f56bfc062723c751e8b465ee728b)  -> (artifact id: '946ab57b7a7315c2274b4a384667f913') in 0.028197 seconds 
========================================================================
Received Import Request.
  Time since last request: 0.000164 seconds.
  path: Assets/AssetStoreOriginals/_SNAPS_PrototypingAssets/SciFi_Industrial/Prefabs/Structure/Walls/Meshes/Gale_Wall_01_Corner_snaps002.asset
  artifactKey: Guid(b6db7aef229d6aa42996de1a73a5c17a) Importer(815301076,1909f56bfc062723c751e8b465ee728b)
Start importing Assets/AssetStoreOriginals/_SNAPS_PrototypingAssets/SciFi_Industrial/Prefabs/Structure/Walls/Meshes/Gale_Wall_01_Corner_snaps002.asset using Guid(b6db7aef229d6aa42996de1a73a5c17a) Importer(815301076,1909f56bfc062723c751e8b465ee728b)  -> (artifact id: '8efad26473ee3c8d9b6ebc08cb58ffd2') in 0.029515 seconds 
========================================================================
Received Import Request.
  Time since last request: 0.000178 seconds.
  path: Assets/AssetStoreOriginals/_SNAPS_PrototypingAssets/SciFi_Industrial/Prefabs/Structure/Walls/Meshes/Gale_Wall_02_snaps002.asset
  artifactKey: Guid(4111f1abe13694d4ea4cdab109daf8ef) Importer(815301076,1909f56bfc062723c751e8b465ee728b)
Start importing Assets/AssetStoreOriginals/_SNAPS_PrototypingAssets/SciFi_Industrial/Prefabs/Structure/Walls/Meshes/Gale_Wall_02_snaps002.asset using Guid(4111f1abe13694d4ea4cdab109daf8ef) Importer(815301076,1909f56bfc062723c751e8b465ee728b)  -> (artifact id: '17bc82c9e7a12670130435fa687ef9a6') in 0.028475 seconds 
========================================================================
Received Import Request.
  Time since last request: 0.000151 seconds.
  path: Assets/AssetStoreOriginals/_SNAPS_PrototypingAssets/SciFi_Industrial/Prefabs/Structure/Walls/Meshes/Deck_Wall_Corner_Short_Collider.asset
  artifactKey: Guid(109539c893bd54940944dd35e9a1b788) Importer(815301076,1909f56bfc062723c751e8b465ee728b)
Start importing Assets/AssetStoreOriginals/_SNAPS_PrototypingAssets/SciFi_Industrial/Prefabs/Structure/Walls/Meshes/Deck_Wall_Corner_Short_Collider.asset using Guid(109539c893bd54940944dd35e9a1b788) Importer(815301076,1909f56bfc062723c751e8b465ee728b)  -> (artifact id: '91e981e93cf1b9e6a1af2e5ea08b4ebf') in 0.027822 seconds 
========================================================================
Received Import Request.
  Time since last request: 0.000186 seconds.
  path: Assets/AssetStoreOriginals/_SNAPS_PrototypingAssets/SciFi_Industrial/Prefabs/Structure/Walls/Meshes/Deck_WallWindow_02_snaps002.asset
  artifactKey: Guid(29b7e37a02d8f4d449fe5193f1405ddf) Importer(815301076,1909f56bfc062723c751e8b465ee728b)
Start importing Assets/AssetStoreOriginals/_SNAPS_PrototypingAssets/SciFi_Industrial/Prefabs/Structure/Walls/Meshes/Deck_WallWindow_02_snaps002.asset using Guid(29b7e37a02d8f4d449fe5193f1405ddf) Importer(815301076,1909f56bfc062723c751e8b465ee728b)  -> (artifact id: 'ddf6adc9a424d5eefe7193bb1e5aa49f') in 0.028735 seconds 
========================================================================
Received Import Request.
  Time since last request: 0.000200 seconds.
  path: Assets/AssetStoreOriginals/_SNAPS_PrototypingAssets/SciFi_Industrial/Prefabs/Structure/Walls/Meshes/Deck_WallWindowFrame_01_Collider.asset
  artifactKey: Guid(a92d6104d14142b489c6aa44cb7e8202) Importer(815301076,1909f56bfc062723c751e8b465ee728b)
Start importing Assets/AssetStoreOriginals/_SNAPS_PrototypingAssets/SciFi_Industrial/Prefabs/Structure/Walls/Meshes/Deck_WallWindowFrame_01_Collider.asset using Guid(a92d6104d14142b489c6aa44cb7e8202) Importer(815301076,1909f56bfc062723c751e8b465ee728b)  -> (artifact id: '122bf5ee3abf7c4c8f7693f5157bfa70') in 0.027201 seconds 
========================================================================
Received Import Request.
  Time since last request: 0.000137 seconds.
  path: Assets/AssetStoreOriginals/_SNAPS_PrototypingAssets/SciFi_Industrial/Prefabs/Structure/Walls/Meshes/Hale_Wall_02_Corner_Collider.asset
  artifactKey: Guid(d7a1ba4de3e713d459bbcd37423a3db4) Importer(815301076,1909f56bfc062723c751e8b465ee728b)
Start importing Assets/AssetStoreOriginals/_SNAPS_PrototypingAssets/SciFi_Industrial/Prefabs/Structure/Walls/Meshes/Hale_Wall_02_Corner_Collider.asset using Guid(d7a1ba4de3e713d459bbcd37423a3db4) Importer(815301076,1909f56bfc062723c751e8b465ee728b)  -> (artifact id: '0e1d0a2b359aa6bc3dced032d6495a7f') in 0.027529 seconds 
========================================================================
Received Import Request.
  Time since last request: 0.000171 seconds.
  path: Assets/AssetStoreOriginals/_SNAPS_PrototypingAssets/SciFi_Industrial/Prefabs/Structure/Walls/Meshes/Hale_Wall_02_snaps002.asset
  artifactKey: Guid(0f0f47a5be1f18a49a1b7279b3bce940) Importer(815301076,1909f56bfc062723c751e8b465ee728b)
Start importing Assets/AssetStoreOriginals/_SNAPS_PrototypingAssets/SciFi_Industrial/Prefabs/Structure/Walls/Meshes/Hale_Wall_02_snaps002.asset using Guid(0f0f47a5be1f18a49a1b7279b3bce940) Importer(815301076,1909f56bfc062723c751e8b465ee728b)  -> (artifact id: '7ad4dbe2ad6a608aecdb8c3fcbfa1f8c') in 0.027434 seconds 
========================================================================
Received Import Request.
  Time since last request: 0.000138 seconds.
  path: Assets/AssetStoreOriginals/_SNAPS_PrototypingAssets/SciFi_Industrial/Prefabs/Structure/Walls/Meshes/Deck_WallDoorFrame_02_snaps002.asset
  artifactKey: Guid(b74bb954a9e738440939e3f20e76b82f) Importer(815301076,1909f56bfc062723c751e8b465ee728b)
Start importing Assets/AssetStoreOriginals/_SNAPS_PrototypingAssets/SciFi_Industrial/Prefabs/Structure/Walls/Meshes/Deck_WallDoorFrame_02_snaps002.asset using Guid(b74bb954a9e738440939e3f20e76b82f) Importer(815301076,1909f56bfc062723c751e8b465ee728b)  -> (artifact id: '2476a2ef21f9cdbf732d0471cf3a9daa') in 0.027801 seconds 
========================================================================
Received Import Request.
  Time since last request: 40.413199 seconds.
  path: Assets/Glass 4 Pack FREE/Textures/GLassEdgeShadowRed/GlassEdgeShadowRed_diffuseOriginal.png
  artifactKey: Guid(5c60951188f288d45b8481890e5856cb) Importer(815301076,1909f56bfc062723c751e8b465ee728b)
Start importing Assets/Glass 4 Pack FREE/Textures/GLassEdgeShadowRed/GlassEdgeShadowRed_diffuseOriginal.png using Guid(5c60951188f288d45b8481890e5856cb) Importer(815301076,1909f56bfc062723c751e8b465ee728b)  -> (artifact id: '5ceccee38c6164d330d46aaa46967838') in 0.049642 seconds 
========================================================================
Received Import Request.
  Time since last request: 0.000165 seconds.
  path: Assets/Glass 4 Pack FREE/Textures/GLassEdgeShadowRed/GlassEdgeShadowRed_metallic.png
  artifactKey: Guid(b79b50733f91e1c489644b1f148cd57d) Importer(815301076,1909f56bfc062723c751e8b465ee728b)
Start importing Assets/Glass 4 Pack FREE/Textures/GLassEdgeShadowRed/GlassEdgeShadowRed_metallic.png using Guid(b79b50733f91e1c489644b1f148cd57d) Importer(815301076,1909f56bfc062723c751e8b465ee728b)  -> (artifact id: 'dfe5dd055c79a6412b54705316512417') in 0.030173 seconds 
========================================================================
Received Import Request.
  Time since last request: 0.000174 seconds.
  path: Assets/Glass 4 Pack FREE/Textures/GlassSolidStripe/GlassSolidStripe_height.png
  artifactKey: Guid(0952f51b3e11c0d4dbd8ad371460ed54) Importer(815301076,1909f56bfc062723c751e8b465ee728b)
Start importing Assets/Glass 4 Pack FREE/Textures/GlassSolidStripe/GlassSolidStripe_height.png using Guid(0952f51b3e11c0d4dbd8ad371460ed54) Importer(815301076,1909f56bfc062723c751e8b465ee728b)  -> (artifact id: '3fb608d204c50487702adfb114f6310e') in 0.028487 seconds 
========================================================================
Received Import Request.
  Time since last request: 0.000152 seconds.
  path: Assets/Glass 4 Pack FREE/Textures/GlassSolidStripe/GlassSolidStripe_metallic.png
  artifactKey: Guid(749b2f023098d9449bcaeed19f10d0f0) Importer(815301076,1909f56bfc062723c751e8b465ee728b)
Start importing Assets/Glass 4 Pack FREE/Textures/GlassSolidStripe/GlassSolidStripe_metallic.png using Guid(749b2f023098d9449bcaeed19f10d0f0) Importer(815301076,1909f56bfc062723c751e8b465ee728b)  -> (artifact id: 'deecfc9f5cf345058431904ba9b0e897') in 0.026681 seconds 
========================================================================
Received Import Request.
  Time since last request: 0.000153 seconds.
  path: Assets/Glass 4 Pack FREE/Textures/GlassSolidStripe/GlassSolidStripe_diffuseOriginal.png
  artifactKey: Guid(cf1a2147b66cbce4b81d15da482ad704) Importer(815301076,1909f56bfc062723c751e8b465ee728b)
Start importing Assets/Glass 4 Pack FREE/Textures/GlassSolidStripe/GlassSolidStripe_diffuseOriginal.png using Guid(cf1a2147b66cbce4b81d15da482ad704) Importer(815301076,1909f56bfc062723c751e8b465ee728b)  -> (artifact id: 'e40fd507852da39c9cda2f1b11fbf0ed') in 0.028287 seconds 
========================================================================
Received Import Request.
  Time since last request: 0.000111 seconds.
  path: Assets/Glass 4 Pack FREE/Textures/GlassFrame/GlassWindowFrame_diffuseOriginal.png
  artifactKey: Guid(c58de019b00a4ac4f931436ffca855ac) Importer(815301076,1909f56bfc062723c751e8b465ee728b)
Start importing Assets/Glass 4 Pack FREE/Textures/GlassFrame/GlassWindowFrame_diffuseOriginal.png using Guid(c58de019b00a4ac4f931436ffca855ac) Importer(815301076,1909f56bfc062723c751e8b465ee728b)  -> (artifact id: 'aa8dd16832f2e4da307936e54e4f6dda') in 0.029724 seconds 
========================================================================
Received Import Request.
  Time since last request: 0.000155 seconds.
  path: Assets/Glass 4 Pack FREE/Textures/GLassEdgeShadowRed/GlassEdgeShadowRed_height.png
  artifactKey: Guid(a22f9dbeeb5360c49a00a19c7470d844) Importer(815301076,1909f56bfc062723c751e8b465ee728b)
Start importing Assets/Glass 4 Pack FREE/Textures/GLassEdgeShadowRed/GlassEdgeShadowRed_height.png using Guid(a22f9dbeeb5360c49a00a19c7470d844) Importer(815301076,1909f56bfc062723c751e8b465ee728b)  -> (artifact id: '52316150596353e0c28c42ed1f175b7d') in 0.031258 seconds 
========================================================================
Received Import Request.
  Time since last request: 0.000143 seconds.
  path: Assets/Glass 4 Pack FREE/Textures/Glass Reflection 2/GlassReflection2_metallic.png
  artifactKey: Guid(8096f4586061ed54ea91314de82dd964) Importer(815301076,1909f56bfc062723c751e8b465ee728b)
Start importing Assets/Glass 4 Pack FREE/Textures/Glass Reflection 2/GlassReflection2_metallic.png using Guid(8096f4586061ed54ea91314de82dd964) Importer(815301076,1909f56bfc062723c751e8b465ee728b)  -> (artifact id: '69ce8a8fb3ae3c94efeb4df432be06e2') in 0.030391 seconds 
========================================================================
Received Import Request.
  Time since last request: 0.000147 seconds.
  path: Assets/Glass 4 Pack FREE/Textures/Glass Reflection 2/GlassReflection2_diffuseOriginal.png
  artifactKey: Guid(95c46a83de7caa545ae302e644996266) Importer(815301076,1909f56bfc062723c751e8b465ee728b)
Start importing Assets/Glass 4 Pack FREE/Textures/Glass Reflection 2/GlassReflection2_diffuseOriginal.png using Guid(95c46a83de7caa545ae302e644996266) Importer(815301076,1909f56bfc062723c751e8b465ee728b)  -> (artifact id: 'aadf11b6e915529dc3a9fa0eb1ae90dd') in 0.029225 seconds 
========================================================================
Received Import Request.
  Time since last request: 0.000149 seconds.
  path: Assets/Glass 4 Pack FREE/Textures/GLassEdgeShadowRed/GlassEdgeShadowRed_normal.png
  artifactKey: Guid(2c176a439dde8db48b28c7d68c0d5e07) Importer(815301076,1909f56bfc062723c751e8b465ee728b)
Start importing Assets/Glass 4 Pack FREE/Textures/GLassEdgeShadowRed/GlassEdgeShadowRed_normal.png using Guid(2c176a439dde8db48b28c7d68c0d5e07) Importer(815301076,1909f56bfc062723c751e8b465ee728b)  -> (artifact id: 'f967aac8ce35d7c1de9d4f5fc55eb743') in 0.032672 seconds 
========================================================================
Received Import Request.
  Time since last request: 0.000129 seconds.
  path: Assets/Glass 4 Pack FREE/Textures/GlassSolidStripe/GlassSolidStripe_normal.png
  artifactKey: Guid(ce9f9485e2f9ac64586991868ffa1c07) Importer(815301076,1909f56bfc062723c751e8b465ee728b)
Start importing Assets/Glass 4 Pack FREE/Textures/GlassSolidStripe/GlassSolidStripe_normal.png using Guid(ce9f9485e2f9ac64586991868ffa1c07) Importer(815301076,1909f56bfc062723c751e8b465ee728b)  -> (artifact id: 'c17ae1443ff406a4163e443b9ea9fb88') in 0.027839 seconds 
========================================================================
Received Import Request.
  Time since last request: 0.000157 seconds.
  path: Assets/Glass 4 Pack FREE/Textures/Glass Reflection 2/GlassReflection2_normal.png
  artifactKey: Guid(7090e73c6e8078e4eb7958a7c963e297) Importer(815301076,1909f56bfc062723c751e8b465ee728b)
Start importing Assets/Glass 4 Pack FREE/Textures/Glass Reflection 2/GlassReflection2_normal.png using Guid(7090e73c6e8078e4eb7958a7c963e297) Importer(815301076,1909f56bfc062723c751e8b465ee728b)  -> (artifact id: 'ab83600af836e3602ce362b1e74635b3') in 0.032153 seconds 
========================================================================
Received Import Request.
  Time since last request: 0.000155 seconds.
  path: Assets/Glass 4 Pack FREE/Textures/Glass Reflection 2/GlassReflection2_height.png
  artifactKey: Guid(bd0b3cf6e17611f47a6b7cf4f3d6db1b) Importer(815301076,1909f56bfc062723c751e8b465ee728b)
Start importing Assets/Glass 4 Pack FREE/Textures/Glass Reflection 2/GlassReflection2_height.png using Guid(bd0b3cf6e17611f47a6b7cf4f3d6db1b) Importer(815301076,1909f56bfc062723c751e8b465ee728b)  -> (artifact id: '70ba218384e789f5adf99b417904597f') in 0.029441 seconds 
========================================================================
Received Prepare
Registering precompiled user dll's ...
Registered in 0.001960 seconds.
Begin MonoManager ReloadAssembly
Native extension for WindowsStandalone target not found
Refreshing native plugins compatible for Editor in 0.67 ms, found 3 plugins.
Preloading 0 native plugins for Editor in 0.00 ms.
Mono: successfully reloaded assembly
- Completed reload, in  0.816 seconds
Domain Reload Profiling:
	ReloadAssembly (816ms)
		BeginReloadAssembly (95ms)
			ExecutionOrderSort (0ms)
			DisableScriptedObjects (3ms)
			BackupInstance (0ms)
			ReleaseScriptingObjects (0ms)
			CreateAndSetChildDomain (31ms)
		EndReloadAssembly (676ms)
			LoadAssemblies (68ms)
			RebuildTransferFunctionScriptingTraits (0ms)
			SetupTypeCache (236ms)
			ReleaseScriptCaches (1ms)
			RebuildScriptCaches (37ms)
			SetupLoadedEditorAssemblies (259ms)
				LogAssemblyErrors (0ms)
				InitializePlatformSupportModulesInManaged (3ms)
				SetLoadedEditorAssemblies (0ms)
				RefreshPlugins (1ms)
				BeforeProcessingInitializeOnLoad (41ms)
				ProcessInitializeOnLoadAttributes (203ms)
				ProcessInitializeOnLoadMethodAttributes (9ms)
				AfterProcessingInitializeOnLoad (2ms)
				EditorAssembliesLoaded (0ms)
			ExecutionOrderSort2 (0ms)
			AwakeInstancesAfterBackupRestoration (5ms)
Platform modules already initialized, skipping
Refreshing native plugins compatible for Editor in 0.65 ms, found 3 plugins.
Preloading 0 native plugins for Editor in 0.00 ms.
Unloading 2617 Unused Serialized files (Serialized files now loaded: 0)
System memory in use before: 137.9 MB.
System memory in use after: 138.0 MB.

Unloading 18 unused Assets to reduce memory usage. Loaded Objects now: 3161.
Total: 3.470700 ms (FindLiveObjects: 0.234100 ms CreateObjectMapping: 0.063200 ms MarkObjects: 3.080800 ms  DeleteObjects: 0.091600 ms)

AssetImportParameters requested are different than current active one (requested -> active):
  custom:framework-win-MediaFoundation: 216162199b28c13a410421893ffa2e32 -> 
  custom:video-decoder-ogg-theora: a1e56fd34408186e4bbccfd4996cb3dc -> 
  custom:container-muxer-webm: aa71ff27fc2769a1b78a27578f13a17b -> 
  custom:container-demuxer-webm: 4f35f7cbe854078d1ac9338744f61a02 -> 
  custom:container-demuxer-ogg: 62fdf1f143b41e24485cea50d1cbac27 -> 
  custom:video-encoder-webm-vp8: eb34c28f22e8b96e1ab97ce403110664 -> 
  custom:video-decoder-webm-vp8: 9c59270c3fd7afecdb556c50c9e8de78 -> 
  custom:audio-decoder-ogg-vorbis: bf7c407c2cedff20999df2af8eb42d56 -> 
  custom:audio-encoder-webm-vorbis: bf7c407c2cedff20999df2af8eb42d56 -> 
========================================================================
Received Import Request.
  Time since last request: 241.082970 seconds.
  path: Packages/com.unity.collab-proxy/Editor/Collaborate/Assets/Layouts/BaseChangeListElement.uxml
  artifactKey: Guid(bef3e204cca87f74199fb125d726b453) Importer(815301076,1909f56bfc062723c751e8b465ee728b)
Start importing Packages/com.unity.collab-proxy/Editor/Collaborate/Assets/Layouts/BaseChangeListElement.uxml using Guid(bef3e204cca87f74199fb125d726b453) Importer(815301076,1909f56bfc062723c751e8b465ee728b)  -> (artifact id: '1dab058eff37d456c838983df08ed79b') in 0.065065 seconds 
========================================================================
Received Import Request.
  Time since last request: 0.000182 seconds.
  path: Packages/com.unity.collab-proxy/Editor/Collaborate/Assets/Layouts/ChangesTabPageView.uxml
  artifactKey: Guid(a1c552fb05993cf4eac00d572aa408f8) Importer(815301076,1909f56bfc062723c751e8b465ee728b)
Start importing Packages/com.unity.collab-proxy/Editor/Collaborate/Assets/Layouts/ChangesTabPageView.uxml using Guid(a1c552fb05993cf4eac00d572aa408f8) Importer(815301076,1909f56bfc062723c751e8b465ee728b)  -> (artifact id: 'edfccd08a0b3757855361a1a8720bcc1') in 0.040303 seconds 
========================================================================
Received Import Request.
  Time since last request: 0.000184 seconds.
  path: Packages/com.unity.collab-proxy/Editor/Collaborate/Assets/Styles/BaseChangeListElement.uss
  artifactKey: Guid(1e9148bf9d78e0943aeac7855e43585e) Importer(815301076,1909f56bfc062723c751e8b465ee728b)
Start importing Packages/com.unity.collab-proxy/Editor/Collaborate/Assets/Styles/BaseChangeListElement.uss using Guid(1e9148bf9d78e0943aeac7855e43585e) Importer(815301076,1909f56bfc062723c751e8b465ee728b)  -> (artifact id: 'ac9a4b75a191111c1a6746190c40bc6c') in 0.042319 seconds 
========================================================================
Received Import Request.
  Time since last request: 0.000181 seconds.
  path: Packages/com.unity.collab-proxy/Editor/Collaborate/Assets/Styles/ChangesTabPageView.uss
  artifactKey: Guid(105b0e05b7ff8d147ad5c7aeed41e3b7) Importer(815301076,1909f56bfc062723c751e8b465ee728b)
Start importing Packages/com.unity.collab-proxy/Editor/Collaborate/Assets/Styles/ChangesTabPageView.uss using Guid(105b0e05b7ff8d147ad5c7aeed41e3b7) Importer(815301076,1909f56bfc062723c751e8b465ee728b)  -> (artifact id: 'ddf124ccef292bdfcbe245ffc4aeecc7') in 0.038705 seconds 
========================================================================
Received Import Request.
  Time since last request: 0.000185 seconds.
  path: Packages/com.unity.collab-proxy/Editor/Collaborate/Assets/Layouts/ChangesGroupHeader.uxml
  artifactKey: Guid(19d5aba5e2682314190477298a0313fc) Importer(815301076,1909f56bfc062723c751e8b465ee728b)
Start importing Packages/com.unity.collab-proxy/Editor/Collaborate/Assets/Layouts/ChangesGroupHeader.uxml using Guid(19d5aba5e2682314190477298a0313fc) Importer(815301076,1909f56bfc062723c751e8b465ee728b)  -> (artifact id: '4c2b72f16efe46166977f3c1bc0d2210') in 0.040100 seconds 
========================================================================
Received Import Request.
  Time since last request: 0.000152 seconds.
  path: Packages/com.unity.collab-proxy/Editor/Collaborate/Assets/Styles/ChangesGroupHeader.uss
  artifactKey: Guid(7f8119d919033424caea4da5a9f91a88) Importer(815301076,1909f56bfc062723c751e8b465ee728b)
Start importing Packages/com.unity.collab-proxy/Editor/Collaborate/Assets/Styles/ChangesGroupHeader.uss using Guid(7f8119d919033424caea4da5a9f91a88) Importer(815301076,1909f56bfc062723c751e8b465ee728b)  -> (artifact id: '5775526500121cffbe9c03cb2c683de8') in 0.038676 seconds 
========================================================================
Received Prepare
Registering precompiled user dll's ...
Registered in 0.002269 seconds.
Begin MonoManager ReloadAssembly
Native extension for WindowsStandalone target not found
Refreshing native plugins compatible for Editor in 0.66 ms, found 3 plugins.
Preloading 0 native plugins for Editor in 0.00 ms.
Mono: successfully reloaded assembly
- Completed reload, in  0.790 seconds
Domain Reload Profiling:
	ReloadAssembly (790ms)
		BeginReloadAssembly (91ms)
			ExecutionOrderSort (0ms)
			DisableScriptedObjects (3ms)
			BackupInstance (0ms)
			ReleaseScriptingObjects (0ms)
			CreateAndSetChildDomain (27ms)
		EndReloadAssembly (654ms)
			LoadAssemblies (68ms)
			RebuildTransferFunctionScriptingTraits (0ms)
			SetupTypeCache (222ms)
			ReleaseScriptCaches (1ms)
			RebuildScriptCaches (36ms)
			SetupLoadedEditorAssemblies (252ms)
				LogAssemblyErrors (0ms)
				InitializePlatformSupportModulesInManaged (3ms)
				SetLoadedEditorAssemblies (0ms)
				RefreshPlugins (1ms)
				BeforeProcessingInitializeOnLoad (42ms)
				ProcessInitializeOnLoadAttributes (196ms)
				ProcessInitializeOnLoadMethodAttributes (8ms)
				AfterProcessingInitializeOnLoad (2ms)
				EditorAssembliesLoaded (0ms)
			ExecutionOrderSort2 (0ms)
			AwakeInstancesAfterBackupRestoration (5ms)
Platform modules already initialized, skipping
Refreshing native plugins compatible for Editor in 0.66 ms, found 3 plugins.
Preloading 0 native plugins for Editor in 0.00 ms.
Unloading 2617 Unused Serialized files (Serialized files now loaded: 0)
System memory in use before: 137.9 MB.
System memory in use after: 138.1 MB.

Unloading 18 unused Assets to reduce memory usage. Loaded Objects now: 3164.
Total: 3.360600 ms (FindLiveObjects: 0.202600 ms CreateObjectMapping: 0.064300 ms MarkObjects: 3.010300 ms  DeleteObjects: 0.082400 ms)

AssetImportParameters requested are different than current active one (requested -> active):
  custom:framework-win-MediaFoundation: 216162199b28c13a410421893ffa2e32 -> 
  custom:video-decoder-ogg-theora: a1e56fd34408186e4bbccfd4996cb3dc -> 
  custom:container-muxer-webm: aa71ff27fc2769a1b78a27578f13a17b -> 
  custom:container-demuxer-webm: 4f35f7cbe854078d1ac9338744f61a02 -> 
  custom:container-demuxer-ogg: 62fdf1f143b41e24485cea50d1cbac27 -> 
  custom:video-encoder-webm-vp8: eb34c28f22e8b96e1ab97ce403110664 -> 
  custom:video-decoder-webm-vp8: 9c59270c3fd7afecdb556c50c9e8de78 -> 
  custom:audio-decoder-ogg-vorbis: bf7c407c2cedff20999df2af8eb42d56 -> 
  custom:audio-encoder-webm-vorbis: bf7c407c2cedff20999df2af8eb42d56 -> 
AssetImportWorkerClient::OnTransportError - code=2 error=End of file
